2015-08-28 01:18:52 [::1][-][1ln88qqersf0g1h7f9i7mutll1][warning][yii\log\Dispatcher::dispatch] Unable to send log via yii\debug\LogTarget: Exception (Invalid Configuration) 'yii\base\InvalidConfigException' with message 'The directory does not exist: C:/xampp/htdocs/turen/backend/web/assets' 

in C:\xampp\htdocs\turen\vendor\yiisoft\yii2\web\AssetManager.php:211

Stack trace:
#0 C:\xampp\htdocs\turen\vendor\yiisoft\yii2\base\Object.php(107): yii\web\AssetManager->init()
#1 [internal function]: yii\base\Object->__construct(Array)
#2 C:\xampp\htdocs\turen\vendor\yiisoft\yii2\di\Container.php(366): ReflectionClass->newInstanceArgs(Array)
#3 C:\xampp\htdocs\turen\vendor\yiisoft\yii2\di\Container.php(151): yii\di\Container->build('yii\\web\\AssetMa...', Array, Array)
#4 C:\xampp\htdocs\turen\vendor\yiisoft\yii2\BaseYii.php(344): yii\di\Container->get('yii\\web\\AssetMa...', Array, Array)
#5 C:\xampp\htdocs\turen\vendor\yiisoft\yii2\di\ServiceLocator.php(133): yii\BaseYii::createObject(Array)
#6 C:\xampp\htdocs\turen\vendor\yiisoft\yii2\base\Application.php(600): yii\di\ServiceLocator->get('assetManager')
#7 C:\xampp\htdocs\turen\vendor\yiisoft\yii2\web\View.php(223): yii\base\Application->getAssetManager()
#8 C:\xampp\htdocs\turen\vendor\yiisoft\yii2\base\Component.php(130): yii\web\View->getAssetManager()
#9 C:\xampp\htdocs\turen\vendor\yiisoft\yii2-debug\panels\AssetPanel.php(53): yii\base\Component->__get('assetManager')
#10 C:\xampp\htdocs\turen\vendor\yiisoft\yii2-debug\LogTarget.php(55): yii\debug\panels\AssetPanel->save()
#11 C:\xampp\htdocs\turen\vendor\yiisoft\yii2-debug\LogTarget.php(112): yii\debug\LogTarget->export()
#12 C:\xampp\htdocs\turen\vendor\yiisoft\yii2\log\Dispatcher.php(183): yii\debug\LogTarget->collect(Array, true)
#13 C:\xampp\htdocs\turen\vendor\yiisoft\yii2\log\Logger.php(173): yii\log\Dispatcher->dispatch(Array, true)
#14 [internal function]: yii\log\Logger->flush(true)
#15 {main}
2015-08-28 01:18:51 [::1][-][1ln88qqersf0g1h7f9i7mutll1][info][application] $_COOKIE = [
    'Kcq_lastvisit' => '3	1439638811	/test/phpwind/index.php?m=cron'
]

$_SESSION = [
    '__flash' => [
        'danger' => -1
    ]
    'danger' => '请先登录才可访问。'
    '__yjt_returnUrl' => '/turen/backend/web/'
]

$_SERVER = [
    'MIBDIRS' => 'C:/xampp/php/extras/mibs'
    'MYSQL_HOME' => '\\xampp\\mysql\\bin'
    'OPENSSL_CONF' => 'C:/xampp/apache/bin/openssl.cnf'
    'PHP_PEAR_SYSCONF_DIR' => '\\xampp\\php'
    'PHPRC' => '\\xampp\\php'
    'TMP' => '\\xampp\\tmp'
    'HTTP_HOST' => 'localhost'
    'HTTP_USER_AGENT' => 'Mozilla/5.0 (Windows NT 6.3; WOW64; rv:39.0) Gecko/20100101 Firefox/39.0'
    'HTTP_ACCEPT' => 'text/html,application/xhtml+xml,application/xml;q=0.9,*/*;q=0.8'
    'HTTP_ACCEPT_LANGUAGE' => 'zh-CN,en;q=0.8,fr;q=0.6,en-US;q=0.4,zh;q=0.2'
    'HTTP_ACCEPT_ENCODING' => 'gzip, deflate'
    'HTTP_REFERER' => 'http://localhost/turen/backend/'
    'HTTP_COOKIE' => 'Kcq_lastvisit=3%091439638811%09%2Ftest%2Fphpwind%2Findex.php%3Fm%3Dcron'
    'HTTP_CONNECTION' => 'keep-alive'
    'HTTP_CACHE_CONTROL' => 'max-age=0'
    'PATH' => 'C:\\Program Files (x86)\\Common Files\\NetSarang;C:\\Program Files (x86)\\Intel\\iCLS Client\\;C:\\Program Files\\Intel\\iCLS Client\\;C:\\Windows\\system32;C:\\Windows;C:\\Windows\\System32\\Wbem;C:\\Windows\\System32\\WindowsPowerShell\\v1.0\\;C:\\Program Files\\Intel\\Intel(R) Management Engine Components\\DAL;C:\\Program Files\\Intel\\Intel(R) Management Engine Components\\IPT;C:\\Program Files (x86)\\Intel\\Intel(R) Management Engine Components\\DAL;C:\\Program Files (x86)\\Intel\\Intel(R) Management Engine Components\\IPT;C:\\Program Files\\TortoiseSVN\\bin;C:\\xampp\\php;C:\\Program Files (x86)\\EmEditor;C:\\Program Files (x86)\\Private Shell;C:\\Program Files\\ThinkPad\\Bluetooth Software\\;C:\\Program Files\\ThinkPad\\Bluetooth Software\\syswow64;C:\\Program Files\\nodejs\\;'
    'SystemRoot' => 'C:\\Windows'
    'COMSPEC' => 'C:\\Windows\\system32\\cmd.exe'
    'PATHEXT' => '.COM;.EXE;.BAT;.CMD;.VBS;.VBE;.JS;.JSE;.WSF;.WSH;.MSC'
    'WINDIR' => 'C:\\Windows'
    'SERVER_SIGNATURE' => '<address>Apache/2.4.9 (Win32) OpenSSL/1.0.1g Server at localhost Port 80</address>
'
    'SERVER_SOFTWARE' => 'Apache/2.4.9 (Win32) OpenSSL/1.0.1g'
    'SERVER_NAME' => 'localhost'
    'SERVER_ADDR' => '::1'
    'SERVER_PORT' => '80'
    'REMOTE_ADDR' => '::1'
    'DOCUMENT_ROOT' => 'C:/xampp/htdocs'
    'REQUEST_SCHEME' => 'http'
    'CONTEXT_PREFIX' => ''
    'CONTEXT_DOCUMENT_ROOT' => 'C:/xampp/htdocs'
    'SERVER_ADMIN' => 'postmaster@localhost'
    'SCRIPT_FILENAME' => 'C:/xampp/htdocs/turen/backend/web/index.php'
    'REMOTE_PORT' => '50123'
    'GATEWAY_INTERFACE' => 'CGI/1.1'
    'SERVER_PROTOCOL' => 'HTTP/1.1'
    'REQUEST_METHOD' => 'GET'
    'QUERY_STRING' => ''
    'REQUEST_URI' => '/turen/backend/web/'
    'SCRIPT_NAME' => '/turen/backend/web/index.php'
    'PHP_SELF' => '/turen/backend/web/index.php'
    'REQUEST_TIME_FLOAT' => 1440717531.518
    'REQUEST_TIME' => 1440717531
]
2015-08-28 01:18:52 [::1][-][1ln88qqersf0g1h7f9i7mutll1][error][yii\base\ErrorException:256] exception 'yii\base\ErrorException' with message 'Exception (Invalid Configuration) 'yii\base\InvalidConfigException' with message 'The directory does not exist: C:/xampp/htdocs/turen/backend/web/assets' 

in C:\xampp\htdocs\turen\vendor\yiisoft\yii2\web\AssetManager.php:211

Stack trace:
#0 C:\xampp\htdocs\turen\vendor\yiisoft\yii2\base\Object.php(107): yii\web\AssetManager->init()
#1 [internal function]: yii\base\Object->__construct(Array)
#2 C:\xampp\htdocs\turen\vendor\yiisoft\yii2\di\Container.php(366): ReflectionClass->newInstanceArgs(Array)
#3 C:\xampp\htdocs\turen\vendor\yiisoft\yii2\di\Container.php(151): yii\di\Container->build('yii\\web\\AssetMa...', Array, Array)
#4 C:\xampp\htdocs\turen\vendor\yiisoft\yii2\BaseYii.php(344): yii\di\Container->get('yii\\web\\AssetMa...', Array, Array)
#5 C:\xampp\htdocs\turen\vendor\yiisoft\yii2\di\ServiceLocator.php(133): yii\BaseYii::createObject(Array)
#6 C:\xampp\htdocs\turen\vendor\yiisoft\yii2\base\Application.php(600): yii\di\ServiceLocator->get('assetManager')
#7 C:\xampp\htdocs\turen\vendor\yiisoft\yii2\web\View.php(223): yii\base\Application->getAssetManager()
#8 C:\xampp\htdocs\turen\vendor\yiisoft\yii2\web\View.php(283): yii\web\View->getAssetManager()
#9 C:\xampp\htdocs\turen\vendor\yiisoft\yii2\web\AssetBundle.php(119): yii\web\View->registerAssetBundle('yii\\validators\\...')
#10 C:\xampp\htdocs\turen\vendor\yiisoft\yii2\validators\RequiredValidator.php(108): yii\web\AssetBundle::register(Object(yii\web\View))
#11 C:\xampp\htdocs\turen\vendor\yiisoft\yii2\widgets\ActiveField.php(699): yii\validators\RequiredValidator->clientValidateAttribute(Object(common\models\user\LoginForm), 'username', Object(yii\web\View))
#12 C:\xampp\htdocs\turen\vendor\yiisoft\yii2\widgets\ActiveField.php(210): yii\widgets\ActiveField->getClientOptions()
#13 C:\xampp\htdocs\turen\vendor\yiisoft\yii2\widgets\ActiveField.php(200): yii\widgets\ActiveField->begin()
#14 C:\xampp\htdocs\turen\vendor\yiisoft\yii2-bootstrap\ActiveField.php(188): yii\widgets\ActiveField->render(NULL)
#15 C:\xampp\htdocs\turen\vendor\yiisoft\yii2\widgets\ActiveField.php(156): yii\bootstrap\ActiveField->render()
#16 C:\xampp\htdocs\turen\backend\themes\classic\modules\user\views\common\login.php(30): yii\widgets\ActiveField->__toString()
#17 C:\xampp\htdocs\turen\vendor\yiisoft\yii2\base\View.php(325): require('C:\\xampp\\htdocs...')
#18 C:\xampp\htdocs\turen\vendor\yiisoft\yii2\base\View.php(247): yii\base\View->renderPhpFile('C:\\xampp\\htdocs...', Array)
#19 C:\xampp\htdocs\turen\vendor\yiisoft\yii2\base\View.php(149): yii\base\View->renderFile('C:\\xampp\\htdocs...', Array, Object(backend\modules\user\controllers\CommonController))
#20 C:\xampp\htdocs\turen\vendor\yiisoft\yii2\base\Controller.php(371): yii\base\View->render('login', Array, Object(backend\modules\user\controllers\CommonController))
#21 C:\xampp\htdocs\turen\backend\modules\user\controllers\CommonController.php(66): yii\base\Controller->render('login', Array)
#22 [internal function]: backend\modules\user\controllers\CommonController->actionLogin()
#23 C:\xampp\htdocs\turen\vendor\yiisoft\yii2\base\InlineAction.php(55): call_user_func_array(Array, Array)
#24 C:\xampp\htdocs\turen\vendor\yiisoft\yii2\base\Controller.php(151): yii\base\InlineAction->runWithParams(Array)
#25 C:\xampp\htdocs\turen\vendor\yiisoft\yii2\base\Module.php(455): yii\base\Controller->runAction('login', Array)
#26 C:\xampp\htdocs\turen\vendor\yiisoft\yii2\web\Application.php(84): yii\base\Module->runAction('user/common/log...', Array)
#27 C:\xampp\htdocs\turen\vendor\yiisoft\yii2\base\Application.php(375): yii\web\Application->handleRequest(Object(yii\web\Request))
#28 C:\xampp\htdocs\turen\backend\web\index.php(27): yii\base\Application->run()
#29 {main}' in C:\xampp\htdocs\turen\vendor\yiisoft\yii2\base\ErrorHandler.php:299
Stack trace:
#0 [internal function]: yii\base\ErrorHandler->handleError('<span class="nu...', '<span class="st...', '<span class="st...', '<span class="nu...', '...')
#1 C:\xampp\htdocs\turen\vendor\yiisoft\yii2\base\ErrorHandler.php(299): trigger_error('<span class="st...', '<span class="nu...')
#2 C:\xampp\htdocs\turen\vendor\yiisoft\yii2\widgets\ActiveField.php(158): yii\base\ErrorHandler::convertExceptionToError(Object(yii\base\InvalidConfigException))
#3 C:\xampp\htdocs\turen\backend\themes\classic\modules\user\views\common\login.php(30): yii\widgets\ActiveField->__toString()
#4 C:\xampp\htdocs\turen\vendor\yiisoft\yii2\base\View.php(325): require('C:\\xampp\\htdocs...')
#5 C:\xampp\htdocs\turen\vendor\yiisoft\yii2\base\View.php(247): yii\base\View->renderPhpFile('<span class="st...', '[<span class="s...')
#6 C:\xampp\htdocs\turen\vendor\yiisoft\yii2\base\View.php(149): yii\base\View->renderFile('<span class="st...', '[<span class="s...', Object(backend\modules\user\controllers\CommonController))
#7 C:\xampp\htdocs\turen\vendor\yiisoft\yii2\base\Controller.php(371): yii\base\View->render('<span class="st...', '[<span class="s...', Object(backend\modules\user\controllers\CommonController))
#8 C:\xampp\htdocs\turen\backend\modules\user\controllers\CommonController.php(66): yii\base\Controller->render('<span class="st...', '[<span class="s...')
#9 [internal function]: backend\modules\user\controllers\CommonController->actionLogin()
#10 C:\xampp\htdocs\turen\vendor\yiisoft\yii2\base\InlineAction.php(55): call_user_func_array('[<span class="t...', '[]')
#11 C:\xampp\htdocs\turen\vendor\yiisoft\yii2\base\Controller.php(151): yii\base\InlineAction->runWithParams('[]')
#12 C:\xampp\htdocs\turen\vendor\yiisoft\yii2\base\Module.php(455): yii\base\Controller->runAction('<span class="st...', '[]')
#13 C:\xampp\htdocs\turen\vendor\yiisoft\yii2\web\Application.php(84): yii\base\Module->runAction('<span class="st...', '[]')
#14 C:\xampp\htdocs\turen\vendor\yiisoft\yii2\base\Application.php(375): yii\web\Application->handleRequest(Object(yii\web\Request))
#15 C:\xampp\htdocs\turen\backend\web\index.php(27): yii\base\Application->run()
#16 {main}
    in C:\xampp\htdocs\turen\backend\themes\classic\modules\user\views\common\login.php:30
    in C:\xampp\htdocs\turen\backend\modules\user\controllers\CommonController.php:66
2015-08-28 01:18:52 [::1][-][1ln88qqersf0g1h7f9i7mutll1][info][application] $_COOKIE = [
    'Kcq_lastvisit' => '3	1439638811	/test/phpwind/index.php?m=cron'
    'yjt_session' => '1ln88qqersf0g1h7f9i7mutll1'
]

$_SESSION = [
    '__flash' => [
        'danger' => -1
    ]
    'danger' => '请先登录才可访问。'
    '__yjt_returnUrl' => '/turen/backend/web/'
]

$_SERVER = [
    'REDIRECT_MIBDIRS' => 'C:/xampp/php/extras/mibs'
    'REDIRECT_MYSQL_HOME' => '\\xampp\\mysql\\bin'
    'REDIRECT_OPENSSL_CONF' => 'C:/xampp/apache/bin/openssl.cnf'
    'REDIRECT_PHP_PEAR_SYSCONF_DIR' => '\\xampp\\php'
    'REDIRECT_PHPRC' => '\\xampp\\php'
    'REDIRECT_TMP' => '\\xampp\\tmp'
    'REDIRECT_STATUS' => '200'
    'MIBDIRS' => 'C:/xampp/php/extras/mibs'
    'MYSQL_HOME' => '\\xampp\\mysql\\bin'
    'OPENSSL_CONF' => 'C:/xampp/apache/bin/openssl.cnf'
    'PHP_PEAR_SYSCONF_DIR' => '\\xampp\\php'
    'PHPRC' => '\\xampp\\php'
    'TMP' => '\\xampp\\tmp'
    'HTTP_HOST' => 'localhost'
    'HTTP_USER_AGENT' => 'Mozilla/5.0 (Windows NT 6.3; WOW64; rv:39.0) Gecko/20100101 Firefox/39.0'
    'HTTP_ACCEPT' => 'text/html,application/xhtml+xml,application/xml;q=0.9,*/*;q=0.8'
    'HTTP_ACCEPT_LANGUAGE' => 'zh-CN,en;q=0.8,fr;q=0.6,en-US;q=0.4,zh;q=0.2'
    'HTTP_ACCEPT_ENCODING' => 'gzip, deflate'
    'HTTP_REFERER' => 'http://localhost/turen/backend/'
    'HTTP_COOKIE' => 'Kcq_lastvisit=3%091439638811%09%2Ftest%2Fphpwind%2Findex.php%3Fm%3Dcron; yjt_session=1ln88qqersf0g1h7f9i7mutll1'
    'HTTP_CONNECTION' => 'keep-alive'
    'PATH' => 'C:\\Program Files (x86)\\Common Files\\NetSarang;C:\\Program Files (x86)\\Intel\\iCLS Client\\;C:\\Program Files\\Intel\\iCLS Client\\;C:\\Windows\\system32;C:\\Windows;C:\\Windows\\System32\\Wbem;C:\\Windows\\System32\\WindowsPowerShell\\v1.0\\;C:\\Program Files\\Intel\\Intel(R) Management Engine Components\\DAL;C:\\Program Files\\Intel\\Intel(R) Management Engine Components\\IPT;C:\\Program Files (x86)\\Intel\\Intel(R) Management Engine Components\\DAL;C:\\Program Files (x86)\\Intel\\Intel(R) Management Engine Components\\IPT;C:\\Program Files\\TortoiseSVN\\bin;C:\\xampp\\php;C:\\Program Files (x86)\\EmEditor;C:\\Program Files (x86)\\Private Shell;C:\\Program Files\\ThinkPad\\Bluetooth Software\\;C:\\Program Files\\ThinkPad\\Bluetooth Software\\syswow64;C:\\Program Files\\nodejs\\;'
    'SystemRoot' => 'C:\\Windows'
    'COMSPEC' => 'C:\\Windows\\system32\\cmd.exe'
    'PATHEXT' => '.COM;.EXE;.BAT;.CMD;.VBS;.VBE;.JS;.JSE;.WSF;.WSH;.MSC'
    'WINDIR' => 'C:\\Windows'
    'SERVER_SIGNATURE' => '<address>Apache/2.4.9 (Win32) OpenSSL/1.0.1g Server at localhost Port 80</address>
'
    'SERVER_SOFTWARE' => 'Apache/2.4.9 (Win32) OpenSSL/1.0.1g'
    'SERVER_NAME' => 'localhost'
    'SERVER_ADDR' => '::1'
    'SERVER_PORT' => '80'
    'REMOTE_ADDR' => '::1'
    'DOCUMENT_ROOT' => 'C:/xampp/htdocs'
    'REQUEST_SCHEME' => 'http'
    'CONTEXT_PREFIX' => ''
    'CONTEXT_DOCUMENT_ROOT' => 'C:/xampp/htdocs'
    'SERVER_ADMIN' => 'postmaster@localhost'
    'SCRIPT_FILENAME' => 'C:/xampp/htdocs/turen/backend/web/index.php'
    'REMOTE_PORT' => '50123'
    'REDIRECT_URL' => '/turen/backend/web/user/common/login'
    'GATEWAY_INTERFACE' => 'CGI/1.1'
    'SERVER_PROTOCOL' => 'HTTP/1.1'
    'REQUEST_METHOD' => 'GET'
    'QUERY_STRING' => ''
    'REQUEST_URI' => '/turen/backend/web/user/common/login'
    'SCRIPT_NAME' => '/turen/backend/web/index.php'
    'PHP_SELF' => '/turen/backend/web/index.php'
    'REQUEST_TIME_FLOAT' => 1440717532.428
    'REQUEST_TIME' => 1440717532
]
2015-08-28 01:18:52 [::1][-][1ln88qqersf0g1h7f9i7mutll1][warning][yii\log\Dispatcher::dispatch] Unable to send log via yii\debug\LogTarget: Exception (Invalid Configuration) 'yii\base\InvalidConfigException' with message 'The directory does not exist: C:/xampp/htdocs/turen/backend/web/assets' 

in C:\xampp\htdocs\turen\vendor\yiisoft\yii2\web\AssetManager.php:211

Stack trace:
#0 C:\xampp\htdocs\turen\vendor\yiisoft\yii2\base\Object.php(107): yii\web\AssetManager->init()
#1 [internal function]: yii\base\Object->__construct(Array)
#2 C:\xampp\htdocs\turen\vendor\yiisoft\yii2\di\Container.php(366): ReflectionClass->newInstanceArgs(Array)
#3 C:\xampp\htdocs\turen\vendor\yiisoft\yii2\di\Container.php(151): yii\di\Container->build('yii\\web\\AssetMa...', Array, Array)
#4 C:\xampp\htdocs\turen\vendor\yiisoft\yii2\BaseYii.php(344): yii\di\Container->get('yii\\web\\AssetMa...', Array, Array)
#5 C:\xampp\htdocs\turen\vendor\yiisoft\yii2\di\ServiceLocator.php(133): yii\BaseYii::createObject(Array)
#6 C:\xampp\htdocs\turen\vendor\yiisoft\yii2\base\Application.php(600): yii\di\ServiceLocator->get('assetManager')
#7 C:\xampp\htdocs\turen\vendor\yiisoft\yii2\web\View.php(223): yii\base\Application->getAssetManager()
#8 C:\xampp\htdocs\turen\vendor\yiisoft\yii2\base\Component.php(130): yii\web\View->getAssetManager()
#9 C:\xampp\htdocs\turen\vendor\yiisoft\yii2-debug\panels\AssetPanel.php(53): yii\base\Component->__get('assetManager')
#10 C:\xampp\htdocs\turen\vendor\yiisoft\yii2-debug\LogTarget.php(55): yii\debug\panels\AssetPanel->save()
#11 C:\xampp\htdocs\turen\vendor\yiisoft\yii2-debug\LogTarget.php(112): yii\debug\LogTarget->export()
#12 C:\xampp\htdocs\turen\vendor\yiisoft\yii2\log\Dispatcher.php(183): yii\debug\LogTarget->collect(Array, true)
#13 C:\xampp\htdocs\turen\vendor\yiisoft\yii2\log\Logger.php(173): yii\log\Dispatcher->dispatch(Array, true)
#14 C:\xampp\htdocs\turen\vendor\yiisoft\yii2\base\ErrorHandler.php(111): yii\log\Logger->flush(true)
#15 C:\xampp\htdocs\turen\vendor\yiisoft\yii2\base\ErrorHandler.php(203): yii\base\ErrorHandler->handleException(Object(yii\base\ErrorException))
#16 [internal function]: yii\base\ErrorHandler->handleError('<span class="nu...', '<span class="st...', '<span class="st...', '<span class="nu...', '...')
#17 C:\xampp\htdocs\turen\vendor\yiisoft\yii2\base\ErrorHandler.php(299): trigger_error('<span class="st...', '<span class="nu...')
#18 C:\xampp\htdocs\turen\vendor\yiisoft\yii2\widgets\ActiveField.php(158): yii\base\ErrorHandler::convertExceptionToError(Object(yii\base\InvalidConfigException))
#19 C:\xampp\htdocs\turen\backend\themes\classic\modules\user\views\common\login.php(30): yii\widgets\ActiveField->__toString()
#20 C:\xampp\htdocs\turen\vendor\yiisoft\yii2\base\View.php(325): require('C:\\xampp\\htdocs...')
#21 C:\xampp\htdocs\turen\vendor\yiisoft\yii2\base\View.php(247): yii\base\View->renderPhpFile('<span class="st...', '[<span class="s...')
#22 C:\xampp\htdocs\turen\vendor\yiisoft\yii2\base\View.php(149): yii\base\View->renderFile('<span class="st...', '[<span class="s...', Object(backend\modules\user\controllers\CommonController))
#23 C:\xampp\htdocs\turen\vendor\yiisoft\yii2\base\Controller.php(371): yii\base\View->render('<span class="st...', '[<span class="s...', Object(backend\modules\user\controllers\CommonController))
#24 C:\xampp\htdocs\turen\backend\modules\user\controllers\CommonController.php(66): yii\base\Controller->render('<span class="st...', '[<span class="s...')
#25 [internal function]: backend\modules\user\controllers\CommonController->actionLogin()
#26 C:\xampp\htdocs\turen\vendor\yiisoft\yii2\base\InlineAction.php(55): call_user_func_array('[<span class="t...', '[]')
#27 C:\xampp\htdocs\turen\vendor\yiisoft\yii2\base\Controller.php(151): yii\base\InlineAction->runWithParams('[]')
#28 C:\xampp\htdocs\turen\vendor\yiisoft\yii2\base\Module.php(455): yii\base\Controller->runAction('<span class="st...', '[]')
#29 C:\xampp\htdocs\turen\vendor\yiisoft\yii2\web\Application.php(84): yii\base\Module->runAction('<span class="st...', '[]')
#30 C:\xampp\htdocs\turen\vendor\yiisoft\yii2\base\Application.php(375): yii\web\Application->handleRequest(Object(yii\web\Request))
#31 C:\xampp\htdocs\turen\backend\web\index.php(27): yii\base\Application->run()
#32 {main}
2015-08-28 01:18:52 [::1][-][1ln88qqersf0g1h7f9i7mutll1][info][application] $_COOKIE = [
    'Kcq_lastvisit' => '3	1439638811	/test/phpwind/index.php?m=cron'
    'yjt_session' => '1ln88qqersf0g1h7f9i7mutll1'
]

$_SESSION = [
    '__flash' => [
        'danger' => -1
    ]
    'danger' => '请先登录才可访问。'
    '__yjt_returnUrl' => '/turen/backend/web/'
]

$_SERVER = [
    'REDIRECT_MIBDIRS' => 'C:/xampp/php/extras/mibs'
    'REDIRECT_MYSQL_HOME' => '\\xampp\\mysql\\bin'
    'REDIRECT_OPENSSL_CONF' => 'C:/xampp/apache/bin/openssl.cnf'
    'REDIRECT_PHP_PEAR_SYSCONF_DIR' => '\\xampp\\php'
    'REDIRECT_PHPRC' => '\\xampp\\php'
    'REDIRECT_TMP' => '\\xampp\\tmp'
    'REDIRECT_STATUS' => '200'
    'MIBDIRS' => 'C:/xampp/php/extras/mibs'
    'MYSQL_HOME' => '\\xampp\\mysql\\bin'
    'OPENSSL_CONF' => 'C:/xampp/apache/bin/openssl.cnf'
    'PHP_PEAR_SYSCONF_DIR' => '\\xampp\\php'
    'PHPRC' => '\\xampp\\php'
    'TMP' => '\\xampp\\tmp'
    'HTTP_HOST' => 'localhost'
    'HTTP_USER_AGENT' => 'Mozilla/5.0 (Windows NT 6.3; WOW64; rv:39.0) Gecko/20100101 Firefox/39.0'
    'HTTP_ACCEPT' => 'text/html,application/xhtml+xml,application/xml;q=0.9,*/*;q=0.8'
    'HTTP_ACCEPT_LANGUAGE' => 'zh-CN,en;q=0.8,fr;q=0.6,en-US;q=0.4,zh;q=0.2'
    'HTTP_ACCEPT_ENCODING' => 'gzip, deflate'
    'HTTP_REFERER' => 'http://localhost/turen/backend/'
    'HTTP_COOKIE' => 'Kcq_lastvisit=3%091439638811%09%2Ftest%2Fphpwind%2Findex.php%3Fm%3Dcron; yjt_session=1ln88qqersf0g1h7f9i7mutll1'
    'HTTP_CONNECTION' => 'keep-alive'
    'PATH' => 'C:\\Program Files (x86)\\Common Files\\NetSarang;C:\\Program Files (x86)\\Intel\\iCLS Client\\;C:\\Program Files\\Intel\\iCLS Client\\;C:\\Windows\\system32;C:\\Windows;C:\\Windows\\System32\\Wbem;C:\\Windows\\System32\\WindowsPowerShell\\v1.0\\;C:\\Program Files\\Intel\\Intel(R) Management Engine Components\\DAL;C:\\Program Files\\Intel\\Intel(R) Management Engine Components\\IPT;C:\\Program Files (x86)\\Intel\\Intel(R) Management Engine Components\\DAL;C:\\Program Files (x86)\\Intel\\Intel(R) Management Engine Components\\IPT;C:\\Program Files\\TortoiseSVN\\bin;C:\\xampp\\php;C:\\Program Files (x86)\\EmEditor;C:\\Program Files (x86)\\Private Shell;C:\\Program Files\\ThinkPad\\Bluetooth Software\\;C:\\Program Files\\ThinkPad\\Bluetooth Software\\syswow64;C:\\Program Files\\nodejs\\;'
    'SystemRoot' => 'C:\\Windows'
    'COMSPEC' => 'C:\\Windows\\system32\\cmd.exe'
    'PATHEXT' => '.COM;.EXE;.BAT;.CMD;.VBS;.VBE;.JS;.JSE;.WSF;.WSH;.MSC'
    'WINDIR' => 'C:\\Windows'
    'SERVER_SIGNATURE' => '<address>Apache/2.4.9 (Win32) OpenSSL/1.0.1g Server at localhost Port 80</address>
'
    'SERVER_SOFTWARE' => 'Apache/2.4.9 (Win32) OpenSSL/1.0.1g'
    'SERVER_NAME' => 'localhost'
    'SERVER_ADDR' => '::1'
    'SERVER_PORT' => '80'
    'REMOTE_ADDR' => '::1'
    'DOCUMENT_ROOT' => 'C:/xampp/htdocs'
    'REQUEST_SCHEME' => 'http'
    'CONTEXT_PREFIX' => ''
    'CONTEXT_DOCUMENT_ROOT' => 'C:/xampp/htdocs'
    'SERVER_ADMIN' => 'postmaster@localhost'
    'SCRIPT_FILENAME' => 'C:/xampp/htdocs/turen/backend/web/index.php'
    'REMOTE_PORT' => '50123'
    'REDIRECT_URL' => '/turen/backend/web/user/common/login'
    'GATEWAY_INTERFACE' => 'CGI/1.1'
    'SERVER_PROTOCOL' => 'HTTP/1.1'
    'REQUEST_METHOD' => 'GET'
    'QUERY_STRING' => ''
    'REQUEST_URI' => '/turen/backend/web/user/common/login'
    'SCRIPT_NAME' => '/turen/backend/web/index.php'
    'PHP_SELF' => '/turen/backend/web/index.php'
    'REQUEST_TIME_FLOAT' => 1440717532.428
    'REQUEST_TIME' => 1440717532
]
2015-08-28 01:40:27 [::1][30][bgi1cscgs4487pc9vu1lf1op82][error][yii\base\InvalidParamException] exception 'yii\base\InvalidParamException' with message 'The view file does not exist: C:\xampp\htdocs\turen\backend\themes\classic\modules\system\views\config\_config\_status.php' in C:\xampp\htdocs\turen\vendor\yiisoft\yii2\base\View.php:226
Stack trace:
#0 C:\xampp\htdocs\turen\vendor\yiisoft\yii2\base\View.php(149): yii\base\View->renderFile('C:\\xampp\\htdocs...', Array, NULL)
#1 C:\xampp\htdocs\turen\backend\themes\classic\modules\system\views\config\config.php(64): yii\base\View->render('_config/_status', Array)
#2 C:\xampp\htdocs\turen\vendor\yiisoft\yii2\base\View.php(325): require('C:\\xampp\\htdocs...')
#3 C:\xampp\htdocs\turen\vendor\yiisoft\yii2\base\View.php(247): yii\base\View->renderPhpFile('C:\\xampp\\htdocs...', Array)
#4 C:\xampp\htdocs\turen\vendor\yiisoft\yii2\base\View.php(149): yii\base\View->renderFile('C:\\xampp\\htdocs...', Array, Object(backend\modules\system\controllers\ConfigController))
#5 C:\xampp\htdocs\turen\vendor\yiisoft\yii2\base\Controller.php(371): yii\base\View->render('config', Array, Object(backend\modules\system\controllers\ConfigController))
#6 C:\xampp\htdocs\turen\backend\modules\system\controllers\ConfigController.php(28): yii\base\Controller->render('config', Array)
#7 [internal function]: backend\modules\system\controllers\ConfigController->actionConfig()
#8 C:\xampp\htdocs\turen\vendor\yiisoft\yii2\base\InlineAction.php(55): call_user_func_array(Array, Array)
#9 C:\xampp\htdocs\turen\vendor\yiisoft\yii2\base\Controller.php(151): yii\base\InlineAction->runWithParams(Array)
#10 C:\xampp\htdocs\turen\vendor\yiisoft\yii2\base\Module.php(455): yii\base\Controller->runAction('config', Array)
#11 C:\xampp\htdocs\turen\vendor\yiisoft\yii2\web\Application.php(84): yii\base\Module->runAction('system/config/c...', Array)
#12 C:\xampp\htdocs\turen\vendor\yiisoft\yii2\base\Application.php(375): yii\web\Application->handleRequest(Object(yii\web\Request))
#13 C:\xampp\htdocs\turen\backend\web\index.php(27): yii\base\Application->run()
#14 {main}
2015-08-28 01:40:26 [::1][30][bgi1cscgs4487pc9vu1lf1op82][info][application] $_COOKIE = [
    'Kcq_lastvisit' => '3	1439638811	/test/phpwind/index.php?m=cron'
    'yjt_session' => 'bgi1cscgs4487pc9vu1lf1op82'
    '_csrf' => 'aad304e44af73de52716a5467a118eab8e9f51f6ca91a8a43ad9d3ebdeba9a72a:2:{i:0;s:5:\"_csrf\";i:1;s:32:\"vkeZCRUty0RzM-ZBfNw-TneIYkU5BmGc\";}'
    '_yjt_identity' => '8970c5cd8b58e1477aeb2209d1f670ae4d825b6a1b891a254b107e561d518404a:2:{i:0;s:13:\"_yjt_identity\";i:1;s:47:\"[30,\"PbSLNPQ0B4EO0rgt7Ie53_ZNrsOipI_X\",2592000]\";}'
]

$_SESSION = [
    '__flash' => []
    '__yjt_returnUrl' => '/turen/backend/web/'
    '__captcha/user/common/captcha' => 'nupe'
    '__captcha/user/common/captchacount' => 1
    '__id' => 30
]

$_SERVER = [
    'REDIRECT_MIBDIRS' => 'C:/xampp/php/extras/mibs'
    'REDIRECT_MYSQL_HOME' => '\\xampp\\mysql\\bin'
    'REDIRECT_OPENSSL_CONF' => 'C:/xampp/apache/bin/openssl.cnf'
    'REDIRECT_PHP_PEAR_SYSCONF_DIR' => '\\xampp\\php'
    'REDIRECT_PHPRC' => '\\xampp\\php'
    'REDIRECT_TMP' => '\\xampp\\tmp'
    'REDIRECT_STATUS' => '200'
    'MIBDIRS' => 'C:/xampp/php/extras/mibs'
    'MYSQL_HOME' => '\\xampp\\mysql\\bin'
    'OPENSSL_CONF' => 'C:/xampp/apache/bin/openssl.cnf'
    'PHP_PEAR_SYSCONF_DIR' => '\\xampp\\php'
    'PHPRC' => '\\xampp\\php'
    'TMP' => '\\xampp\\tmp'
    'HTTP_HOST' => 'localhost'
    'HTTP_USER_AGENT' => 'Mozilla/5.0 (Windows NT 6.3; WOW64; rv:39.0) Gecko/20100101 Firefox/39.0'
    'HTTP_ACCEPT' => 'text/html,application/xhtml+xml,application/xml;q=0.9,*/*;q=0.8'
    'HTTP_ACCEPT_LANGUAGE' => 'zh-CN,en;q=0.8,fr;q=0.6,en-US;q=0.4,zh;q=0.2'
    'HTTP_ACCEPT_ENCODING' => 'gzip, deflate'
    'HTTP_REFERER' => 'http://localhost/turen/backend/web/system/config/config'
    'HTTP_COOKIE' => 'Kcq_lastvisit=3%091439638811%09%2Ftest%2Fphpwind%2Findex.php%3Fm%3Dcron; yjt_session=bgi1cscgs4487pc9vu1lf1op82; _csrf=aad304e44af73de52716a5467a118eab8e9f51f6ca91a8a43ad9d3ebdeba9a72a%3A2%3A%7Bi%3A0%3Bs%3A5%3A%22_csrf%22%3Bi%3A1%3Bs%3A32%3A%22vkeZCRUty0RzM-ZBfNw-TneIYkU5BmGc%22%3B%7D; _yjt_identity=8970c5cd8b58e1477aeb2209d1f670ae4d825b6a1b891a254b107e561d518404a%3A2%3A%7Bi%3A0%3Bs%3A13%3A%22_yjt_identity%22%3Bi%3A1%3Bs%3A47%3A%22%5B30%2C%22PbSLNPQ0B4EO0rgt7Ie53_ZNrsOipI_X%22%2C2592000%5D%22%3B%7D'
    'HTTP_CONNECTION' => 'keep-alive'
    'HTTP_CACHE_CONTROL' => 'max-age=0'
    'PATH' => 'C:\\Program Files (x86)\\Common Files\\NetSarang;C:\\Program Files (x86)\\Intel\\iCLS Client\\;C:\\Program Files\\Intel\\iCLS Client\\;C:\\Windows\\system32;C:\\Windows;C:\\Windows\\System32\\Wbem;C:\\Windows\\System32\\WindowsPowerShell\\v1.0\\;C:\\Program Files\\Intel\\Intel(R) Management Engine Components\\DAL;C:\\Program Files\\Intel\\Intel(R) Management Engine Components\\IPT;C:\\Program Files (x86)\\Intel\\Intel(R) Management Engine Components\\DAL;C:\\Program Files (x86)\\Intel\\Intel(R) Management Engine Components\\IPT;C:\\Program Files\\TortoiseSVN\\bin;C:\\xampp\\php;C:\\Program Files (x86)\\EmEditor;C:\\Program Files (x86)\\Private Shell;C:\\Program Files\\ThinkPad\\Bluetooth Software\\;C:\\Program Files\\ThinkPad\\Bluetooth Software\\syswow64;C:\\Program Files\\nodejs\\;'
    'SystemRoot' => 'C:\\Windows'
    'COMSPEC' => 'C:\\Windows\\system32\\cmd.exe'
    'PATHEXT' => '.COM;.EXE;.BAT;.CMD;.VBS;.VBE;.JS;.JSE;.WSF;.WSH;.MSC'
    'WINDIR' => 'C:\\Windows'
    'SERVER_SIGNATURE' => '<address>Apache/2.4.9 (Win32) OpenSSL/1.0.1g Server at localhost Port 80</address>
'
    'SERVER_SOFTWARE' => 'Apache/2.4.9 (Win32) OpenSSL/1.0.1g'
    'SERVER_NAME' => 'localhost'
    'SERVER_ADDR' => '::1'
    'SERVER_PORT' => '80'
    'REMOTE_ADDR' => '::1'
    'DOCUMENT_ROOT' => 'C:/xampp/htdocs'
    'REQUEST_SCHEME' => 'http'
    'CONTEXT_PREFIX' => ''
    'CONTEXT_DOCUMENT_ROOT' => 'C:/xampp/htdocs'
    'SERVER_ADMIN' => 'postmaster@localhost'
    'SCRIPT_FILENAME' => 'C:/xampp/htdocs/turen/backend/web/index.php'
    'REMOTE_PORT' => '50821'
    'REDIRECT_URL' => '/turen/backend/web/system/config/config'
    'GATEWAY_INTERFACE' => 'CGI/1.1'
    'SERVER_PROTOCOL' => 'HTTP/1.1'
    'REQUEST_METHOD' => 'GET'
    'QUERY_STRING' => ''
    'REQUEST_URI' => '/turen/backend/web/system/config/config'
    'SCRIPT_NAME' => '/turen/backend/web/index.php'
    'PHP_SELF' => '/turen/backend/web/index.php'
    'REQUEST_TIME_FLOAT' => 1440718826.884
    'REQUEST_TIME' => 1440718826
]
